<?xml version="1.0" encoding="UTF-8"?>
<!-- Generated by org.testng.reporters.JUnitReportReporter -->
<testsuite hostname="LAPTOP-BFL3PLL7" failures="0" tests="1" name="scripts.TestCase2" time="8.075" errors="0" timestamp="2023-09-29T18:54:47 IST" skipped="0">
  <testcase classname="scripts.TestCase2" name="tc2" time="8.075"/>
</testsuite> <!-- scripts.TestCase2 -->
