<?xml version="1.0" encoding="UTF-8"?>
<!-- Generated by org.testng.reporters.JUnitReportReporter -->
<testsuite hostname="LAPTOP-BFL3PLL7" failures="0" tests="1" name="scripts.TestCase3" time="23.828" errors="0" timestamp="2023-09-29T16:19:18 IST" skipped="0">
  <testcase classname="scripts.TestCase3" name="tc3" time="23.828"/>
</testsuite> <!-- scripts.TestCase3 -->
